2026-02-09 14:27:00.661612: I tensorflow/core/util/port.cc:153] oneDNN custom operations are on. You may see slightly different numerical results due to floating-point round-off errors from different computation orders. To turn them off, set the environment variable `TF_ENABLE_ONEDNN_OPTS=0`.
2026-02-09 14:27:02.143411: I tensorflow/core/platform/cpu_feature_guard.cc:210] This TensorFlow binary is optimized to use available CPU instructions in performance-critical operations.
To enable the following instructions: AVX2 AVX512F AVX512_VNNI FMA, in other operations, rebuild TensorFlow with the appropriate compiler flags.
2026-02-09 14:27:07.664780: I tensorflow/core/util/port.cc:153] oneDNN custom operations are on. You may see slightly different numerical results due to floating-point round-off errors from different computation orders. To turn them off, set the environment variable `TF_ENABLE_ONEDNN_OPTS=0`.
/usr/local/lib/python3.13/site-packages/tensorflow_hub/__init__.py:61: UserWarning: pkg_resources is deprecated as an API. See https://setuptools.pypa.io/en/latest/pkg_resources.html. The pkg_resources package is slated for removal as early as 2025-11-30. Refrain from using this package or pin to Setuptools<81.
  from pkg_resources import parse_version
WARNING: All log messages before absl::InitializeLog() is called are written to STDERR
I0000 00:00:1770643851.963334  853986 gpu_device.cc:2020] Created device /job:localhost/replica:0/task:0/device:GPU:0 with 43681 MB memory:  -> device: 0, name: NVIDIA A40, pci bus id: 0000:b1:00.0, compute capability: 8.6
/usr/local/lib/python3.13/site-packages/opensoundscape/ml/cnn.py:599: UserWarning: 
                    This architecture is not listed in opensoundscape.ml.cnn_architectures.ARCH_DICT.
                    It will not be available for loading after saving the model with .save() (unless using pickle=True). 
                    To make it re-loadable, define a function that generates the architecture from arguments: (n_classes, n_channels) 
                    then use opensoundscape.ml.cnn_architectures.register_architecture() to register the generating function.

                    The function can also set the returned object's .constructor_name to the registered string key in ARCH_DICT
                    to avoid this warning and ensure it is reloaded correctly by opensoundscape.ml.load_model().

                    See opensoundscape.ml.cnn_architectures module for examples of constructor functions
                    
  warnings.warn(
/usr/local/lib/python3.13/site-packages/opensoundscape/ml/cnn.py:623: UserWarning: Failed to detect expected # input channels of this architecture.Make sure your architecture expects the number of channels equal to `channels` argument 1). Pytorch architectures generally expect 3 channels by default.
  warnings.warn(
  0%|          | 0/5 [00:00<?, ?it/s]/usr/local/lib/python3.13/multiprocessing/popen_fork.py:67: DeprecationWarning: This process (pid=853986) is multi-threaded, use of fork() may lead to deadlocks in the child.
  self.pid = os.fork()
2026-02-09 14:30:58.518398: I external/local_xla/xla/service/service.cc:163] XLA service 0x14b7b006dc20 initialized for platform CUDA (this does not guarantee that XLA will be used). Devices:
2026-02-09 14:30:58.518428: I external/local_xla/xla/service/service.cc:171]   StreamExecutor device (0): NVIDIA A40, Compute Capability 8.6
2026-02-09 14:30:58.993925: I tensorflow/compiler/mlir/tensorflow/utils/dump_mlir_util.cc:269] disabling MLIR crash reproducer, set env var `MLIR_CRASH_REPRODUCER_DIRECTORY` to enable.
2026-02-09 14:30:59.103342: I external/local_xla/xla/stream_executor/cuda/cuda_dnn.cc:473] Loaded cuDNN version 91002
2026-02-09 14:30:59.271916: I external/local_xla/xla/service/gpu/autotuning/dot_search_space.cc:208] All configs were filtered out because none of them sufficiently match the hints. Maybe the hints set does not contain a good representative set of valid configs? Working around this by using the full hints set instead.
2026-02-09 14:30:59.271981: I external/local_xla/xla/service/gpu/autotuning/dot_search_space.cc:208] All configs were filtered out because none of them sufficiently match the hints. Maybe the hints set does not contain a good representative set of valid configs? Working around this by using the full hints set instead.
2026-02-09 14:30:59.272006: I external/local_xla/xla/service/gpu/autotuning/dot_search_space.cc:208] All configs were filtered out because none of them sufficiently match the hints. Maybe the hints set does not contain a good representative set of valid configs? Working around this by using the full hints set instead.
2026-02-09 14:30:59.283836: F external/local_xla/xla/service/gpu/autotuning/gemm_fusion_autotuner.cc:987] Non-OK-status: executable.status()
Status: UNAVAILABLE: No PTX compilation provider is available. Neither ptxas/nvlink nor nvjtlink is available. As a fallback you can enable JIT compilation in the CUDA driver via the flag `--xla_gpu_unsafe_fallback_to_driver_on_ptxas_not_found`. Details: 
 - Has NvJitLink support: LibNvJitLink is not supported (disabled during compilation).
 - Has NvPtxCompiler support: LibNvPtxCompiler is not supported (disabled during compilation).
 - Parallel compilation support is desired: 0
 - ptxas_path: Couldn't find a suitable version of ptxas. The following locations were considered: ./cuda_sdk_lib/bin/ptxas, /usr/local/bin/ptxas, /usr/local/sbin/ptxas, /usr/local/bin/ptxas, /usr/sbin/ptxas, /usr/bin/ptxas, /sbin/ptxas, /bin/ptxas, Perch2_shallow_classifier.py.runfiles/cuda_nvcc/bin/ptxas, Perch2_shallow_classifier.py.runfiles/cuda_nvdisasm/bin/ptxas, Perch2_shallow_classifier.py.runfiles/nvidia_nvshmem/bin/ptxas, Perch2_/cuda_nvcc/bin/ptxas, Perch2_/cuda_nvdisasm/bin/ptxas, Perch2_/nvidia_nvshmem/bin/ptxas, bin/ptxas, /usr/local/cuda/bin/ptxas, /opt/cuda/bin/ptxas, /usr/local/lib/python3.13/site-packages/tensorflow/python/platform/../../../nvidia/cuda_nvcc/bin/ptxas, /usr/local/lib/python3.13/site-packages/tensorflow/python/platform/../../../../nvidia/cuda_nvcc/bin/ptxas, /usr/local/lib/python3.13/site-packages/tensorflow/python/platform/../../cuda/bin/ptxas, /usr/local/lib/python3.13/site-packages/tensorflow/python/platform/../../../../../../bin/ptxas, /usr/local/lib/python3.13/site-packages/tensorflow/python/platform/../../../../../../../bin/ptxas
 - ptxas_version: Couldn't find a suitable version of ptxas. The following locations were considered: ./cuda_sdk_lib/bin/ptxas, /usr/local/bin/ptxas, /usr/local/sbin/ptxas, /usr/local/bin/ptxas, /usr/sbin/ptxas, /usr/bin/ptxas, /sbin/ptxas, /bin/ptxas, Perch2_shallow_classifier.py.runfiles/cuda_nvcc/bin/ptxas, Perch2_shallow_classifier.py.runfiles/cuda_nvdisasm/bin/ptxas, Perch2_shallow_classifier.py.runfiles/nvidia_nvshmem/bin/ptxas, Perch2_/cuda_nvcc/bin/ptxas, Perch2_/cuda_nvdisasm/bin/ptxas, Perch2_/nvidia_nvshmem/bin/ptxas, bin/ptxas, /usr/local/cuda/bin/ptxas, /opt/cuda/bin/ptxas, /usr/local/lib/python3.13/site-packages/tensorflow/python/platform/../../../nvidia/cuda_nvcc/bin/ptxas, /usr/local/lib/python3.13/site-packages/tensorflow/python/platform/../../../../nvidia/cuda_nvcc/bin/ptxas, /usr/local/lib/python3.13/site-packages/tensorflow/python/platform/../../cuda/bin/ptxas, /usr/local/lib/python3.13/site-packages/tensorflow/python/platform/../../../../../../bin/ptxas, /usr/local/lib/python3.13/site-packages/tensorflow/python/platform/../../../../../../../bin/ptxas
 - nvlink_path: Couldn't find a suitable version of nvlink. The following locations were considered: ./cuda_sdk_lib/bin/nvlink, /usr/local/bin/nvlink, /usr/local/sbin/nvlink, /usr/local/bin/nvlink, /usr/sbin/nvlink, /usr/bin/nvlink, /sbin/nvlink, /bin/nvlink, Perch2_shallow_classifier.py.runfiles/cuda_nvcc/bin/nvlink, Perch2_shallow_classifier.py.runfiles/cuda_nvdisasm/bin/nvlink, Perch2_shallow_classifier.py.runfiles/nvidia_nvshmem/bin/nvlink, Perch2_/cuda_nvcc/bin/nvlink, Perch2_/cuda_nvdisasm/bin/nvlink, Perch2_/nvidia_nvshmem/bin/nvlink, bin/nvlink, /usr/local/cuda/bin/nvlink, /opt/cuda/bin/nvlink, /usr/local/lib/python3.13/site-packages/tensorflow/python/platform/../../../nvidia/cuda_nvcc/bin/nvlink, /usr/local/lib/python3.13/site-packages/tensorflow/python/platform/../../../../nvidia/cuda_nvcc/bin/nvlink, /usr/local/lib/python3.13/site-packages/tensorflow/python/platform/../../cuda/bin/nvlink, /usr/local/lib/python3.13/site-packages/tensorflow/python/platform/../../../../../../bin/nvlink, /usr/local/lib/python3.13/site-packages/tensorflow/python/platform/../../../../../../../bin/nvlink
 - nvlink_version: Couldn't find a suitable version of nvlink. The following locations were considered: ./cuda_sdk_lib/bin/nvlink, /usr/local/bin/nvlink, /usr/local/sbin/nvlink, /usr/local/bin/nvlink, /usr/sbin/nvlink, /usr/bin/nvlink, /sbin/nvlink, /bin/nvlink, Perch2_shallow_classifier.py.runfiles/cuda_nvcc/bin/nvlink, Perch2_shallow_classifier.py.runfiles/cuda_nvdisasm/bin/nvlink, Perch2_shallow_classifier.py.runfiles/nvidia_nvshmem/bin/nvlink, Perch2_/cuda_nvcc/bin/nvlink, Perch2_/cuda_nvdisasm/bin/nvlink, Perch2_/nvidia_nvshmem/bin/nvlink, bin/nvlink, /usr/local/cuda/bin/nvlink, /opt/cuda/bin/nvlink, /usr/local/lib/python3.13/site-packages/tensorflow/python/platform/../../../nvidia/cuda_nvcc/bin/nvlink, /usr/local/lib/python3.13/site-packages/tensorflow/python/platform/../../../../nvidia/cuda_nvcc/bin/nvlink, /usr/local/lib/python3.13/site-packages/tensorflow/python/platform/../../cuda/bin/nvlink, /usr/local/lib/python3.13/site-packages/tensorflow/python/platform/../../../../../../bin/nvlink, /usr/local/lib/python3.13/site-packages/tensorflow/python/platform/../../../../../../../bin/nvlink
 - Driver compilation is enabled: 0
 - Failure occured when compiling fusion gemm_fusion_dot.54 with config '{block_m:64,block_n:64,block_k:64,split_k:1,num_stages:4,num_warps:4,num_ctas:1,is_tma_allowed:0}'
Fused HLO computation:
%gemm_fusion_dot.54_computation (parameter_0: f32[64,500,513], parameter_1: f32[513,128]) -> f32[32000,128] {
  %parameter_0 = f32[64,500,513]{2,1,0} parameter(0)
  %sqrt.5 = f32[64,500,513]{2,1,0} sqrt(%parameter_0), metadata={op_name="XlaCallModule/jit(infer_fn)/MultiHeadClassifier/embedding_model/frontend/sqrt" source_file="gdm/sustainability/perch/models/frontend.py" source_line=244}
  %bitcast.2210 = f32[32000,513]{1,0} bitcast(%sqrt.5), metadata={op_name="XlaCallModule/jit(infer_fn)/MultiHeadClassifier/embedding_model/frontend/sqrt" source_file="gdm/sustainability/perch/models/frontend.py" source_line=244}
  %parameter_1 = f32[513,128]{1,0} parameter(1)
  ROOT %dot.56 = f32[32000,128]{1,0} dot(%bitcast.2210, %parameter_1), lhs_contracting_dims={1}, rhs_contracting_dims={0}, metadata={op_name="XlaCallModule/jit(infer_fn)/MultiHeadClassifier/embedding_model/frontend/dot_general" source_file="gdm/sustainability/perch/models/frontend.py" source_line=258}
}
INFO:    Terminating squashfuse_ll after timeout
INFO:    Timeouts can be caused by a running background process
/tmp/slurmd/job5843472/slurm_script: line 20: 853966 Aborted                 (core dumped) apptainer exec --nv /cephyr/users/sheilaho/Alvis/perch.sif python -u Perch2_shallow_classifier.py
