2026-03-27 10:13:10.857708: I tensorflow/core/util/port.cc:153] oneDNN custom operations are on. You may see slightly different numerical results due to floating-point round-off errors from different computation orders. To turn them off, set the environment variable `TF_ENABLE_ONEDNN_OPTS=0`.
2026-03-27 10:13:12.313091: I tensorflow/core/platform/cpu_feature_guard.cc:210] This TensorFlow binary is optimized to use available CPU instructions in performance-critical operations.
To enable the following instructions: AVX2 AVX512F AVX512_VNNI FMA, in other operations, rebuild TensorFlow with the appropriate compiler flags.
/usr/local/lib/python3.11/dist-packages/google/protobuf/runtime_version.py:98: UserWarning: Protobuf gencode version 5.28.3 is exactly one major version older than the runtime version 6.31.1 at tensorflow/core/framework/attr_value.proto. Please update the gencode to avoid compatibility violations in the next runtime release.
  warnings.warn(
/usr/local/lib/python3.11/dist-packages/google/protobuf/runtime_version.py:98: UserWarning: Protobuf gencode version 5.28.3 is exactly one major version older than the runtime version 6.31.1 at tensorflow/core/framework/tensor.proto. Please update the gencode to avoid compatibility violations in the next runtime release.
  warnings.warn(
/usr/local/lib/python3.11/dist-packages/google/protobuf/runtime_version.py:98: UserWarning: Protobuf gencode version 5.28.3 is exactly one major version older than the runtime version 6.31.1 at tensorflow/core/framework/resource_handle.proto. Please update the gencode to avoid compatibility violations in the next runtime release.
  warnings.warn(
/usr/local/lib/python3.11/dist-packages/google/protobuf/runtime_version.py:98: UserWarning: Protobuf gencode version 5.28.3 is exactly one major version older than the runtime version 6.31.1 at tensorflow/core/framework/tensor_shape.proto. Please update the gencode to avoid compatibility violations in the next runtime release.
  warnings.warn(
/usr/local/lib/python3.11/dist-packages/google/protobuf/runtime_version.py:98: UserWarning: Protobuf gencode version 5.28.3 is exactly one major version older than the runtime version 6.31.1 at tensorflow/core/framework/types.proto. Please update the gencode to avoid compatibility violations in the next runtime release.
  warnings.warn(
/usr/local/lib/python3.11/dist-packages/google/protobuf/runtime_version.py:98: UserWarning: Protobuf gencode version 5.28.3 is exactly one major version older than the runtime version 6.31.1 at tensorflow/core/framework/full_type.proto. Please update the gencode to avoid compatibility violations in the next runtime release.
  warnings.warn(
/usr/local/lib/python3.11/dist-packages/google/protobuf/runtime_version.py:98: UserWarning: Protobuf gencode version 5.28.3 is exactly one major version older than the runtime version 6.31.1 at tensorflow/core/framework/function.proto. Please update the gencode to avoid compatibility violations in the next runtime release.
  warnings.warn(
/usr/local/lib/python3.11/dist-packages/google/protobuf/runtime_version.py:98: UserWarning: Protobuf gencode version 5.28.3 is exactly one major version older than the runtime version 6.31.1 at tensorflow/core/framework/node_def.proto. Please update the gencode to avoid compatibility violations in the next runtime release.
  warnings.warn(
/usr/local/lib/python3.11/dist-packages/google/protobuf/runtime_version.py:98: UserWarning: Protobuf gencode version 5.28.3 is exactly one major version older than the runtime version 6.31.1 at tensorflow/core/framework/op_def.proto. Please update the gencode to avoid compatibility violations in the next runtime release.
  warnings.warn(
/usr/local/lib/python3.11/dist-packages/google/protobuf/runtime_version.py:98: UserWarning: Protobuf gencode version 5.28.3 is exactly one major version older than the runtime version 6.31.1 at tensorflow/core/framework/graph.proto. Please update the gencode to avoid compatibility violations in the next runtime release.
  warnings.warn(
/usr/local/lib/python3.11/dist-packages/google/protobuf/runtime_version.py:98: UserWarning: Protobuf gencode version 5.28.3 is exactly one major version older than the runtime version 6.31.1 at tensorflow/core/framework/graph_debug_info.proto. Please update the gencode to avoid compatibility violations in the next runtime release.
  warnings.warn(
/usr/local/lib/python3.11/dist-packages/google/protobuf/runtime_version.py:98: UserWarning: Protobuf gencode version 5.28.3 is exactly one major version older than the runtime version 6.31.1 at tensorflow/core/framework/versions.proto. Please update the gencode to avoid compatibility violations in the next runtime release.
  warnings.warn(
/usr/local/lib/python3.11/dist-packages/google/protobuf/runtime_version.py:98: UserWarning: Protobuf gencode version 5.28.3 is exactly one major version older than the runtime version 6.31.1 at tensorflow/core/protobuf/config.proto. Please update the gencode to avoid compatibility violations in the next runtime release.
  warnings.warn(
/usr/local/lib/python3.11/dist-packages/google/protobuf/runtime_version.py:98: UserWarning: Protobuf gencode version 5.28.3 is exactly one major version older than the runtime version 6.31.1 at xla/tsl/protobuf/coordination_config.proto. Please update the gencode to avoid compatibility violations in the next runtime release.
  warnings.warn(
/usr/local/lib/python3.11/dist-packages/google/protobuf/runtime_version.py:98: UserWarning: Protobuf gencode version 5.28.3 is exactly one major version older than the runtime version 6.31.1 at tensorflow/core/framework/cost_graph.proto. Please update the gencode to avoid compatibility violations in the next runtime release.
  warnings.warn(
/usr/local/lib/python3.11/dist-packages/google/protobuf/runtime_version.py:98: UserWarning: Protobuf gencode version 5.28.3 is exactly one major version older than the runtime version 6.31.1 at tensorflow/core/framework/step_stats.proto. Please update the gencode to avoid compatibility violations in the next runtime release.
  warnings.warn(
/usr/local/lib/python3.11/dist-packages/google/protobuf/runtime_version.py:98: UserWarning: Protobuf gencode version 5.28.3 is exactly one major version older than the runtime version 6.31.1 at tensorflow/core/framework/allocation_description.proto. Please update the gencode to avoid compatibility violations in the next runtime release.
  warnings.warn(
/usr/local/lib/python3.11/dist-packages/google/protobuf/runtime_version.py:98: UserWarning: Protobuf gencode version 5.28.3 is exactly one major version older than the runtime version 6.31.1 at tensorflow/core/framework/tensor_description.proto. Please update the gencode to avoid compatibility violations in the next runtime release.
  warnings.warn(
/usr/local/lib/python3.11/dist-packages/google/protobuf/runtime_version.py:98: UserWarning: Protobuf gencode version 5.28.3 is exactly one major version older than the runtime version 6.31.1 at tensorflow/core/protobuf/cluster.proto. Please update the gencode to avoid compatibility violations in the next runtime release.
  warnings.warn(
/usr/local/lib/python3.11/dist-packages/google/protobuf/runtime_version.py:98: UserWarning: Protobuf gencode version 5.28.3 is exactly one major version older than the runtime version 6.31.1 at tensorflow/core/protobuf/debug.proto. Please update the gencode to avoid compatibility violations in the next runtime release.
  warnings.warn(
2026-03-27 10:13:15.078805: I tensorflow/core/util/port.cc:153] oneDNN custom operations are on. You may see slightly different numerical results due to floating-point round-off errors from different computation orders. To turn them off, set the environment variable `TF_ENABLE_ONEDNN_OPTS=0`.
/usr/local/lib/python3.11/dist-packages/tensorflow_hub/__init__.py:61: UserWarning: pkg_resources is deprecated as an API. See https://setuptools.pypa.io/en/latest/pkg_resources.html. The pkg_resources package is slated for removal as early as 2025-11-30. Refrain from using this package or pin to Setuptools<81.
  from pkg_resources import parse_version
WARNING: All log messages before absl::InitializeLog() is called are written to STDERR
I0000 00:00:1774602807.786807 2288814 gpu_device.cc:2020] Created device /job:localhost/replica:0/task:0/device:GPU:0 with 43685 MB memory:  -> device: 0, name: NVIDIA A40, pci bus id: 0000:31:00.0, compute capability: 8.6
/usr/local/lib/python3.11/dist-packages/opensoundscape/ml/cnn.py:599: UserWarning: 
                    This architecture is not listed in opensoundscape.ml.cnn_architectures.ARCH_DICT.
                    It will not be available for loading after saving the model with .save() (unless using pickle=True). 
                    To make it re-loadable, define a function that generates the architecture from arguments: (n_classes, n_channels) 
                    then use opensoundscape.ml.cnn_architectures.register_architecture() to register the generating function.

                    The function can also set the returned object's .constructor_name to the registered string key in ARCH_DICT
                    to avoid this warning and ensure it is reloaded correctly by opensoundscape.ml.load_model().

                    See opensoundscape.ml.cnn_architectures module for examples of constructor functions
                    
  warnings.warn(
/usr/local/lib/python3.11/dist-packages/opensoundscape/ml/cnn.py:623: UserWarning: Failed to detect expected # input channels of this architecture.Make sure your architecture expects the number of channels equal to `channels` argument 1). Pytorch architectures generally expect 3 channels by default.
  warnings.warn(
  0%|          | 0/14 [00:00<?, ?it/s]2026-03-27 10:13:33.039309: I external/local_xla/xla/service/service.cc:163] XLA service 0x1491ec06dcb0 initialized for platform CUDA (this does not guarantee that XLA will be used). Devices:
2026-03-27 10:13:33.039336: I external/local_xla/xla/service/service.cc:171]   StreamExecutor device (0): NVIDIA A40, Compute Capability 8.6
2026-03-27 10:13:33.509888: I tensorflow/compiler/mlir/tensorflow/utils/dump_mlir_util.cc:269] disabling MLIR crash reproducer, set env var `MLIR_CRASH_REPRODUCER_DIRECTORY` to enable.
2026-03-27 10:13:33.608138: I external/local_xla/xla/stream_executor/cuda/cuda_dnn.cc:473] Loaded cuDNN version 91002
2026-03-27 10:13:33.771424: I external/local_xla/xla/service/gpu/autotuning/dot_search_space.cc:208] All configs were filtered out because none of them sufficiently match the hints. Maybe the hints set does not contain a good representative set of valid configs? Working around this by using the full hints set instead.
2026-03-27 10:13:33.771477: I external/local_xla/xla/service/gpu/autotuning/dot_search_space.cc:208] All configs were filtered out because none of them sufficiently match the hints. Maybe the hints set does not contain a good representative set of valid configs? Working around this by using the full hints set instead.
2026-03-27 10:13:33.771494: I external/local_xla/xla/service/gpu/autotuning/dot_search_space.cc:208] All configs were filtered out because none of them sufficiently match the hints. Maybe the hints set does not contain a good representative set of valid configs? Working around this by using the full hints set instead.
2026-03-27 10:13:34.431756: I external/local_xla/xla/stream_executor/cuda/subprocess_compilation.cc:346] ptxas warning : Registers are spilled to local memory in function 'gemm_fusion_dot_54', 4 bytes spill stores, 4 bytes spill loads

2026-03-27 10:13:34.500228: I external/local_xla/xla/stream_executor/cuda/subprocess_compilation.cc:346] ptxas warning : Registers are spilled to local memory in function 'gemm_fusion_dot_54', 152 bytes spill stores, 152 bytes spill loads

2026-03-27 10:13:34.867566: I external/local_xla/xla/stream_executor/cuda/subprocess_compilation.cc:346] ptxas warning : Registers are spilled to local memory in function 'gemm_fusion_dot_19', 16 bytes spill stores, 16 bytes spill loads

2026-03-27 10:13:35.647822: I external/local_xla/xla/stream_executor/cuda/subprocess_compilation.cc:346] ptxas warning : Registers are spilled to local memory in function 'gemm_fusion_dot_30', 84 bytes spill stores, 84 bytes spill loads

2026-03-27 10:13:35.825968: I external/local_xla/xla/stream_executor/cuda/subprocess_compilation.cc:346] ptxas warning : Registers are spilled to local memory in function 'gemm_fusion_dot_55', 80 bytes spill stores, 80 bytes spill loads

2026-03-27 10:13:35.964306: I external/local_xla/xla/stream_executor/cuda/subprocess_compilation.cc:346] ptxas warning : Registers are spilled to local memory in function 'gemm_fusion_dot_55', 204 bytes spill stores, 204 bytes spill loads

2026-03-27 10:13:36.450646: I external/local_xla/xla/stream_executor/cuda/subprocess_compilation.cc:346] ptxas warning : Registers are spilled to local memory in function 'gemm_fusion_dot_55', 956 bytes spill stores, 956 bytes spill loads

2026-03-27 10:13:36.912570: I external/local_xla/xla/stream_executor/cuda/subprocess_compilation.cc:346] ptxas warning : Registers are spilled to local memory in function 'gemm_fusion_dot_55', 13536 bytes spill stores, 13508 bytes spill loads

2026-03-27 10:13:41.259688: E external/local_xla/xla/stream_executor/cuda/cuda_timer.cc:86] Delay kernel timed out: measured time has sub-optimal accuracy. There may be a missing warmup execution, please investigate in Nsight Systems.
2026-03-27 10:13:41.428529: E external/local_xla/xla/stream_executor/cuda/cuda_timer.cc:86] Delay kernel timed out: measured time has sub-optimal accuracy. There may be a missing warmup execution, please investigate in Nsight Systems.
2026-03-27 10:13:44.183447: E external/local_xla/xla/stream_executor/cuda/cuda_timer.cc:86] Delay kernel timed out: measured time has sub-optimal accuracy. There may be a missing warmup execution, please investigate in Nsight Systems.
2026-03-27 10:13:44.436223: E external/local_xla/xla/stream_executor/cuda/cuda_timer.cc:86] Delay kernel timed out: measured time has sub-optimal accuracy. There may be a missing warmup execution, please investigate in Nsight Systems.
2026-03-27 10:13:47.157793: E external/local_xla/xla/stream_executor/cuda/cuda_timer.cc:86] Delay kernel timed out: measured time has sub-optimal accuracy. There may be a missing warmup execution, please investigate in Nsight Systems.
2026-03-27 10:13:47.294177: E external/local_xla/xla/stream_executor/cuda/cuda_timer.cc:86] Delay kernel timed out: measured time has sub-optimal accuracy. There may be a missing warmup execution, please investigate in Nsight Systems.
2026-03-27 10:13:47.557628: E external/local_xla/xla/stream_executor/cuda/cuda_timer.cc:86] Delay kernel timed out: measured time has sub-optimal accuracy. There may be a missing warmup execution, please investigate in Nsight Systems.
2026-03-27 10:13:47.693905: E external/local_xla/xla/stream_executor/cuda/cuda_timer.cc:86] Delay kernel timed out: measured time has sub-optimal accuracy. There may be a missing warmup execution, please investigate in Nsight Systems.
2026-03-27 10:13:48.073976: E external/local_xla/xla/stream_executor/cuda/cuda_timer.cc:86] Delay kernel timed out: measured time has sub-optimal accuracy. There may be a missing warmup execution, please investigate in Nsight Systems.
2026-03-27 10:13:48.219259: E external/local_xla/xla/stream_executor/cuda/cuda_timer.cc:86] Delay kernel timed out: measured time has sub-optimal accuracy. There may be a missing warmup execution, please investigate in Nsight Systems.
2026-03-27 10:13:48.670864: E external/local_xla/xla/stream_executor/cuda/cuda_timer.cc:86] Delay kernel timed out: measured time has sub-optimal accuracy. There may be a missing warmup execution, please investigate in Nsight Systems.
2026-03-27 10:13:48.811979: E external/local_xla/xla/stream_executor/cuda/cuda_timer.cc:86] Delay kernel timed out: measured time has sub-optimal accuracy. There may be a missing warmup execution, please investigate in Nsight Systems.
2026-03-27 10:13:49.452721: E external/local_xla/xla/stream_executor/cuda/cuda_timer.cc:86] Delay kernel timed out: measured time has sub-optimal accuracy. There may be a missing warmup execution, please investigate in Nsight Systems.
2026-03-27 10:13:49.595486: E external/local_xla/xla/stream_executor/cuda/cuda_timer.cc:86] Delay kernel timed out: measured time has sub-optimal accuracy. There may be a missing warmup execution, please investigate in Nsight Systems.
2026-03-27 10:13:50.382089: E external/local_xla/xla/stream_executor/cuda/cuda_timer.cc:86] Delay kernel timed out: measured time has sub-optimal accuracy. There may be a missing warmup execution, please investigate in Nsight Systems.
2026-03-27 10:13:50.539422: E external/local_xla/xla/stream_executor/cuda/cuda_timer.cc:86] Delay kernel timed out: measured time has sub-optimal accuracy. There may be a missing warmup execution, please investigate in Nsight Systems.
I0000 00:00:1774602835.524667 2288951 device_compiler.h:196] Compiled cluster using XLA!  This line is logged at most once for the lifetime of the process.
  7%|▋         | 1/14 [00:26<05:49, 26.87s/it] 14%|█▍        | 2/14 [00:29<02:29, 12.46s/it] 21%|██▏       | 3/14 [00:31<01:25,  7.78s/it] 29%|██▊       | 4/14 [00:33<00:56,  5.65s/it] 36%|███▌      | 5/14 [00:35<00:39,  4.39s/it] 43%|████▎     | 6/14 [00:38<00:29,  3.65s/it] 50%|█████     | 7/14 [00:40<00:22,  3.19s/it] 57%|█████▋    | 8/14 [00:42<00:17,  2.87s/it] 64%|██████▍   | 9/14 [00:44<00:13,  2.71s/it] 71%|███████▏  | 10/14 [00:47<00:10,  2.55s/it]